This is pdfTeX, Version 3.14159265-2.6-1.40.16 (TeX Live 2015) (preloaded format=pdflatex 2015.5.24)  28 OCT 2015 23:34
entering extended mode
 restricted \write18 enabled.
 %&-line parsing enabled.
**hw4_solutions p1.tex
(./hw4_solutions.tex
LaTeX2e <2015/01/01>
Babel <3.9l> and hyphenation patterns for 79 languages loaded.
(/usr/local/texlive/2015/texmf-dist/tex/latex/base/article.cls
Document Class: article 2014/09/29 v1.4h Standard LaTeX document class
(/usr/local/texlive/2015/texmf-dist/tex/latex/base/size11.clo
File: size11.clo 2014/09/29 v1.4h Standard LaTeX file (size option)
)
\c@part=\count79
\c@section=\count80
\c@subsection=\count81
\c@subsubsection=\count82
\c@paragraph=\count83
\c@subparagraph=\count84
\c@figure=\count85
\c@table=\count86
\abovecaptionskip=\skip41
\belowcaptionskip=\skip42
\bibindent=\dimen102
)
(/usr/local/texlive/2015/texmf-dist/tex/latex/base/inputenc.sty
Package: inputenc 2015/03/17 v1.2c Input encoding file
\inpenc@prehook=\toks14
\inpenc@posthook=\toks15

(/usr/local/texlive/2015/texmf-dist/tex/latex/base/latin9.def
File: latin9.def 2015/03/17 v1.2c Input encoding file
))
(/usr/local/texlive/2015/texmf-dist/tex/latex/geometry/geometry.sty
Package: geometry 2010/09/12 v5.6 Page Geometry

(/usr/local/texlive/2015/texmf-dist/tex/latex/graphics/keyval.sty
Package: keyval 2014/10/28 v1.15 key=value parser (DPC)
\KV@toks@=\toks16
)
(/usr/local/texlive/2015/texmf-dist/tex/generic/oberdiek/ifpdf.sty
Package: ifpdf 2011/01/30 v2.3 Provides the ifpdf switch (HO)
Package ifpdf Info: pdfTeX in PDF mode is detected.
)
(/usr/local/texlive/2015/texmf-dist/tex/generic/oberdiek/ifvtex.sty
Package: ifvtex 2010/03/01 v1.5 Detect VTeX and its facilities (HO)
Package ifvtex Info: VTeX not detected.
)
(/usr/local/texlive/2015/texmf-dist/tex/generic/ifxetex/ifxetex.sty
Package: ifxetex 2010/09/12 v0.6 Provides ifxetex conditional
)
\Gm@cnth=\count87
\Gm@cntv=\count88
\c@Gm@tempcnt=\count89
\Gm@bindingoffset=\dimen103
\Gm@wd@mp=\dimen104
\Gm@odd@mp=\dimen105
\Gm@even@mp=\dimen106
\Gm@layoutwidth=\dimen107
\Gm@layoutheight=\dimen108
\Gm@layouthoffset=\dimen109
\Gm@layoutvoffset=\dimen110
\Gm@dimlist=\toks17
)
(/usr/local/texlive/2015/texmf-dist/tex/latex/fancyhdr/fancyhdr.sty
\fancy@headwidth=\skip43
\f@ncyO@elh=\skip44
\f@ncyO@erh=\skip45
\f@ncyO@olh=\skip46
\f@ncyO@orh=\skip47
\f@ncyO@elf=\skip48
\f@ncyO@erf=\skip49
\f@ncyO@olf=\skip50
\f@ncyO@orf=\skip51
)
(/usr/local/texlive/2015/texmf-dist/tex/latex/amsmath/amsmath.sty
Package: amsmath 2013/01/14 v2.14 AMS math features
\@mathmargin=\skip52

For additional information on amsmath, use the `?' option.
(/usr/local/texlive/2015/texmf-dist/tex/latex/amsmath/amstext.sty
Package: amstext 2000/06/29 v2.01

(/usr/local/texlive/2015/texmf-dist/tex/latex/amsmath/amsgen.sty
File: amsgen.sty 1999/11/30 v2.0
\@emptytoks=\toks18
\ex@=\dimen111
))
(/usr/local/texlive/2015/texmf-dist/tex/latex/amsmath/amsbsy.sty
Package: amsbsy 1999/11/29 v1.2d
\pmbraise@=\dimen112
)
(/usr/local/texlive/2015/texmf-dist/tex/latex/amsmath/amsopn.sty
Package: amsopn 1999/12/14 v2.01 operator names
)
\inf@bad=\count90
LaTeX Info: Redefining \frac on input line 210.
\uproot@=\count91
\leftroot@=\count92
LaTeX Info: Redefining \overline on input line 306.
\classnum@=\count93
\DOTSCASE@=\count94
LaTeX Info: Redefining \ldots on input line 378.
LaTeX Info: Redefining \dots on input line 381.
LaTeX Info: Redefining \cdots on input line 466.
\Mathstrutbox@=\box26
\strutbox@=\box27
\big@size=\dimen113
LaTeX Font Info:    Redeclaring font encoding OML on input line 566.
LaTeX Font Info:    Redeclaring font encoding OMS on input line 567.
\macc@depth=\count95
\c@MaxMatrixCols=\count96
\dotsspace@=\muskip10
\c@parentequation=\count97
\dspbrk@lvl=\count98
\tag@help=\toks19
\row@=\count99
\column@=\count100
\maxfields@=\count101
\andhelp@=\toks20
\eqnshift@=\dimen114
\alignsep@=\dimen115
\tagshift@=\dimen116
\tagwidth@=\dimen117
\totwidth@=\dimen118
\lineht@=\dimen119
\@envbody=\toks21
\multlinegap=\skip53
\multlinetaggap=\skip54
\mathdisplay@stack=\toks22
LaTeX Info: Redefining \[ on input line 2665.
LaTeX Info: Redefining \] on input line 2666.
)
(/usr/local/texlive/2015/texmf-dist/tex/latex/amsfonts/amssymb.sty
Package: amssymb 2013/01/14 v3.01 AMS font symbols

(/usr/local/texlive/2015/texmf-dist/tex/latex/amsfonts/amsfonts.sty
Package: amsfonts 2013/01/14 v3.01 Basic AMSFonts support
\symAMSa=\mathgroup4
\symAMSb=\mathgroup5
LaTeX Font Info:    Overwriting math alphabet `\mathfrak' in version `bold'
(Font)                  U/euf/m/n --> U/euf/b/n on input line 106.
))
(/usr/local/texlive/2015/texmf-dist/tex/latex/graphics/graphicx.sty
Package: graphicx 2014/10/28 v1.0g Enhanced LaTeX Graphics (DPC,SPQR)

(/usr/local/texlive/2015/texmf-dist/tex/latex/graphics/graphics.sty
Package: graphics 2014/10/28 v1.0p Standard LaTeX Graphics (DPC,SPQR)

(/usr/local/texlive/2015/texmf-dist/tex/latex/graphics/trig.sty
Package: trig 1999/03/16 v1.09 sin cos tan (DPC)
)
(/usr/local/texlive/2015/texmf-dist/tex/latex/latexconfig/graphics.cfg
File: graphics.cfg 2010/04/23 v1.9 graphics configuration of TeX Live
)
Package graphics Info: Driver file: pdftex.def on input line 94.

(/usr/local/texlive/2015/texmf-dist/tex/latex/pdftex-def/pdftex.def
File: pdftex.def 2011/05/27 v0.06d Graphics/color for pdfTeX

(/usr/local/texlive/2015/texmf-dist/tex/generic/oberdiek/infwarerr.sty
Package: infwarerr 2010/04/08 v1.3 Providing info/warning/error messages (HO)
)
(/usr/local/texlive/2015/texmf-dist/tex/generic/oberdiek/ltxcmds.sty
Package: ltxcmds 2011/11/09 v1.22 LaTeX kernel commands for general use (HO)
)
\Gread@gobject=\count102
))
\Gin@req@height=\dimen120
\Gin@req@width=\dimen121
)
(/usr/local/texlive/2015/texmf-dist/tex/latex/esint/esint.sty
Package: esint 
\symlargesymbolsA=\mathgroup6
)

! LaTeX Error: Option clash for package geometry.

See the LaTeX manual or LaTeX Companion for explanation.
Type  H <return>  for immediate help.
 ...                                              
                                                  
l.17 \usepackage
                {graphicx}
? 
(/usr/local/texlive/2015/texmf-dist/tex/latex/cleveref/cleveref.sty
Package: cleveref 2013/12/28 v0.19 Intelligent cross-referencing
)
(/usr/local/texlive/2015/texmf-dist/tex/latex/multirow/multirow.sty
\bigstrutjot=\dimen122
)
(/usr/local/texlive/2015/texmf-dist/tex/latex/listings/listings.sty
\lst@mode=\count103
\lst@gtempboxa=\box28
\lst@token=\toks23
\lst@length=\count104
\lst@currlwidth=\dimen123
\lst@column=\count105
\lst@pos=\count106
\lst@lostspace=\dimen124
\lst@width=\dimen125
\lst@newlines=\count107
\lst@lineno=\count108
\lst@maxwidth=\dimen126

(/usr/local/texlive/2015/texmf-dist/tex/latex/listings/lstmisc.sty
File: lstmisc.sty 2014/09/06 1.5e (Carsten Heinz)
\c@lstnumber=\count109
\lst@skipnumbers=\count110
\lst@framebox=\box29
)
(/usr/local/texlive/2015/texmf-dist/tex/latex/listings/listings.cfg
File: listings.cfg 2014/09/06 1.5e listings configuration
))
Package: listings 2014/09/06 1.5e (Carsten Heinz)

(/usr/local/texlive/2015/texmf-dist/tex/latex/graphics/color.sty
Package: color 2014/10/28 v1.1a Standard LaTeX Color (DPC)

(/usr/local/texlive/2015/texmf-dist/tex/latex/latexconfig/color.cfg
File: color.cfg 2007/01/18 v1.5 color configuration of teTeX/TeXLive
)
Package color Info: Driver file: pdftex.def on input line 142.
)
(/usr/local/texlive/2015/texmf-dist/tex/latex/cjk/texinput/CJK.sty
Package: CJK 2015/04/18 4.8.4

(/usr/local/texlive/2015/texmf-dist/tex/latex/cjk/texinput/mule/MULEenc.sty
Package: MULEenc 2015/04/18 4.8.4
)
(/usr/local/texlive/2015/texmf-dist/tex/latex/cjk/texinput/CJK.enc
File: CJK.enc 2015/04/18 4.8.4
)
LaTeX Info: Redefining \selectfont on input line 755.
\CJK@indent=\box30
)
(/usr/local/texlive/2015/texmf-dist/tex/latex/listings/lstlang1.sty
File: lstlang1.sty 2014/09/06 1.5e listings language file
)
No file hw4_solutions.aux.
\openout1 = `hw4_solutions.aux'.

LaTeX Font Info:    Checking defaults for OML/cmm/m/it on input line 67.
LaTeX Font Info:    ... okay on input line 67.
LaTeX Font Info:    Checking defaults for T1/cmr/m/n on input line 67.
LaTeX Font Info:    ... okay on input line 67.
LaTeX Font Info:    Checking defaults for OT1/cmr/m/n on input line 67.
LaTeX Font Info:    ... okay on input line 67.
LaTeX Font Info:    Checking defaults for OMS/cmsy/m/n on input line 67.
LaTeX Font Info:    ... okay on input line 67.
LaTeX Font Info:    Checking defaults for OMX/cmex/m/n on input line 67.
LaTeX Font Info:    ... okay on input line 67.
LaTeX Font Info:    Checking defaults for U/cmr/m/n on input line 67.
LaTeX Font Info:    ... okay on input line 67.
LaTeX Font Info:    Checking defaults for C00/song/m/n on input line 67.
LaTeX Font Info:    ... okay on input line 67.
LaTeX Font Info:    Checking defaults for C05/song/m/n on input line 67.
LaTeX Font Info:    ... okay on input line 67.
LaTeX Font Info:    Checking defaults for C09/song/m/n on input line 67.
LaTeX Font Info:    ... okay on input line 67.
LaTeX Font Info:    Checking defaults for C10/song/m/n on input line 67.
LaTeX Font Info:    ... okay on input line 67.
LaTeX Font Info:    Checking defaults for C20/song/m/n on input line 67.
LaTeX Font Info:    ... okay on input line 67.
LaTeX Font Info:    Checking defaults for C19/song/m/n on input line 67.
LaTeX Font Info:    ... okay on input line 67.
LaTeX Font Info:    Checking defaults for C40/song/m/n on input line 67.
LaTeX Font Info:    ... okay on input line 67.
LaTeX Font Info:    Checking defaults for C42/song/m/n on input line 67.
LaTeX Font Info:    ... okay on input line 67.
LaTeX Font Info:    Checking defaults for C43/song/m/n on input line 67.
LaTeX Font Info:    ... okay on input line 67.
LaTeX Font Info:    Checking defaults for C50/song/m/n on input line 67.
LaTeX Font Info:    ... okay on input line 67.
LaTeX Font Info:    Checking defaults for C52/song/m/n on input line 67.
LaTeX Font Info:    ... okay on input line 67.
LaTeX Font Info:    Checking defaults for C49/song/m/n on input line 67.
LaTeX Font Info:    ... okay on input line 67.
LaTeX Font Info:    Checking defaults for C60/mj/m/n on input line 67.
LaTeX Font Info:    ... okay on input line 67.
LaTeX Font Info:    Checking defaults for C61/mj/m/n on input line 67.
LaTeX Font Info:    ... okay on input line 67.
LaTeX Font Info:    Checking defaults for C63/mj/m/n on input line 67.
LaTeX Font Info:    ... okay on input line 67.
LaTeX Font Info:    Checking defaults for C64/mj/m/n on input line 67.
LaTeX Font Info:    ... okay on input line 67.
LaTeX Font Info:    Checking defaults for C65/mj/m/n on input line 67.
LaTeX Font Info:    ... okay on input line 67.
LaTeX Font Info:    Checking defaults for C70/song/m/n on input line 67.
LaTeX Font Info:    ... okay on input line 67.
LaTeX Font Info:    Checking defaults for C31/song/m/n on input line 67.
LaTeX Font Info:    ... okay on input line 67.
LaTeX Font Info:    Checking defaults for C32/song/m/n on input line 67.
LaTeX Font Info:    ... okay on input line 67.
LaTeX Font Info:    Checking defaults for C33/song/m/n on input line 67.
LaTeX Font Info:    ... okay on input line 67.
LaTeX Font Info:    Checking defaults for C34/song/m/n on input line 67.
LaTeX Font Info:    ... okay on input line 67.
LaTeX Font Info:    Checking defaults for C35/song/m/n on input line 67.
LaTeX Font Info:    ... okay on input line 67.
LaTeX Font Info:    Checking defaults for C36/song/m/n on input line 67.
LaTeX Font Info:    ... okay on input line 67.
LaTeX Font Info:    Checking defaults for C37/song/m/n on input line 67.
LaTeX Font Info:    ... okay on input line 67.
LaTeX Font Info:    Checking defaults for C80/song/m/n on input line 67.
LaTeX Font Info:    ... okay on input line 67.
LaTeX Font Info:    Checking defaults for C81/song/m/n on input line 67.
LaTeX Font Info:    ... okay on input line 67.
LaTeX Font Info:    Checking defaults for C01/song/m/n on input line 67.
LaTeX Font Info:    ... okay on input line 67.
LaTeX Font Info:    Checking defaults for C11/song/m/n on input line 67.
LaTeX Font Info:    ... okay on input line 67.
LaTeX Font Info:    Checking defaults for C21/song/m/n on input line 67.
LaTeX Font Info:    ... okay on input line 67.
LaTeX Font Info:    Checking defaults for C41/song/m/n on input line 67.
LaTeX Font Info:    ... okay on input line 67.
LaTeX Font Info:    Checking defaults for C62/song/m/n on input line 67.
LaTeX Font Info:    ... okay on input line 67.
*geometry* driver: auto-detecting
*geometry* detected driver: pdftex
*geometry* verbose mode - [ preamble ] result:
* driver: pdftex
* paper: <default>
* layout: <same size as paper>
* layoutoffset:(h,v)=(0.0pt,0.0pt)
* modes: 
* h-part:(L,W,R)=(92.14519pt, 430.00462pt, 92.14519pt)
* v-part:(T,H,B)=(95.39737pt, 556.47656pt, 143.09605pt)
* \paperwidth=614.295pt
* \paperheight=794.96999pt
* \textwidth=430.00462pt
* \textheight=556.47656pt
* \oddsidemargin=19.8752pt
* \evensidemargin=19.8752pt
* \topmargin=-13.87262pt
* \headheight=12.0pt
* \headsep=25.0pt
* \topskip=11.0pt
* \footskip=30.0pt
* \marginparwidth=59.0pt
* \marginparsep=10.0pt
* \columnsep=10.0pt
* \skip\footins=10.0pt plus 4.0pt minus 2.0pt
* \hoffset=0.0pt
* \voffset=0.0pt
* \mag=1000
* \@twocolumnfalse
* \@twosidefalse
* \@mparswitchfalse
* \@reversemarginfalse
* (1in=72.27pt=25.4mm, 1cm=28.453pt)

(/usr/local/texlive/2015/texmf-dist/tex/context/base/supp-pdf.mkii
[Loading MPS to PDF converter (version 2006.09.02).]
\scratchcounter=\count111
\scratchdimen=\dimen127
\scratchbox=\box31
\nofMPsegments=\count112
\nofMParguments=\count113
\everyMPshowfont=\toks24
\MPscratchCnt=\count114
\MPscratchDim=\dimen128
\MPnumerator=\count115
\makeMPintoPDFobject=\count116
\everyMPtoPDFconversion=\toks25
) (/usr/local/texlive/2015/texmf-dist/tex/generic/oberdiek/pdftexcmds.sty
Package: pdftexcmds 2011/11/29 v0.20 Utility functions of pdfTeX for LuaTeX (HO
)

(/usr/local/texlive/2015/texmf-dist/tex/generic/oberdiek/ifluatex.sty
Package: ifluatex 2010/03/01 v1.3 Provides the ifluatex switch (HO)
Package ifluatex Info: LuaTeX not detected.
)
Package pdftexcmds Info: LuaTeX not detected.
Package pdftexcmds Info: \pdf@primitive is available.
Package pdftexcmds Info: \pdf@ifprimitive is available.
Package pdftexcmds Info: \pdfdraftmode found.
)
(/usr/local/texlive/2015/texmf-dist/tex/latex/oberdiek/epstopdf-base.sty
Package: epstopdf-base 2010/02/09 v2.5 Base part for package epstopdf

(/usr/local/texlive/2015/texmf-dist/tex/latex/oberdiek/grfext.sty
Package: grfext 2010/08/19 v1.1 Manage graphics extensions (HO)

(/usr/local/texlive/2015/texmf-dist/tex/generic/oberdiek/kvdefinekeys.sty
Package: kvdefinekeys 2011/04/07 v1.3 Define keys (HO)
))
(/usr/local/texlive/2015/texmf-dist/tex/latex/oberdiek/kvoptions.sty
Package: kvoptions 2011/06/30 v3.11 Key value format for package options (HO)

(/usr/local/texlive/2015/texmf-dist/tex/generic/oberdiek/kvsetkeys.sty
Package: kvsetkeys 2012/04/25 v1.16 Key value parser (HO)

(/usr/local/texlive/2015/texmf-dist/tex/generic/oberdiek/etexcmds.sty
Package: etexcmds 2011/02/16 v1.5 Avoid name clashes with e-TeX commands (HO)
Package etexcmds Info: Could not find \expanded.
(etexcmds)             That can mean that you are not using pdfTeX 1.50 or
(etexcmds)             that some package has redefined \expanded.
(etexcmds)             In the latter case, load this package earlier.
)))
Package grfext Info: Graphics extension search list:
(grfext)             [.png,.pdf,.jpg,.mps,.jpeg,.jbig2,.jb2,.PNG,.PDF,.JPG,.JPE
G,.JBIG2,.JB2,.eps]
(grfext)             \AppendGraphicsExtensions on input line 452.

(/usr/local/texlive/2015/texmf-dist/tex/latex/latexconfig/epstopdf-sys.cfg
File: epstopdf-sys.cfg 2010/07/13 v1.3 Configuration of (r)epstopdf for TeX Liv
e
))
\c@lstlisting=\count117
LaTeX Font Info:    Try loading font information for U+msa on input line 75.

(/usr/local/texlive/2015/texmf-dist/tex/latex/amsfonts/umsa.fd
File: umsa.fd 2013/01/14 v3.01 AMS symbols A
)
LaTeX Font Info:    Try loading font information for U+msb on input line 75.

(/usr/local/texlive/2015/texmf-dist/tex/latex/amsfonts/umsb.fd
File: umsb.fd 2013/01/14 v3.01 AMS symbols B
)
LaTeX Font Info:    Try loading font information for U+esint on input line 75.

(/usr/local/texlive/2015/texmf-dist/tex/latex/esint/uesint.fd
File: uesint.fd 
)
Overfull \hbox (103.93158pt too wide) in alignment at lines 82--84
 [][][] []
 []


! Package babel Error: Unknown language `english'. Either you have
(babel)                misspelled its name, it has not been installed,
(babel)                or you requested it in a previous run. Fix its name,
(babel)                install it or just rerun the file, respectively.

See the babel package documentation for explanation.
Type  H <return>  for immediate help.
 ...                                              
                                                  
l.117 \selectlanguage{english}
                              %
? 

Package Fancyhdr Warning: \headheight is too small (12.0pt): 
 Make it at least 13.59999pt.
 We now make it that large for the rest of the document.
 This may cause the page layout to be inconsistent, however.

[1{/usr/local/texlive/2015/texmf-var/fonts/map/pdftex/updmap/pdftex.map}

]

! Package babel Error: Unknown language `english'. Either you have
(babel)                misspelled its name, it has not been installed,
(babel)                or you requested it in a previous run. Fix its name,
(babel)                install it or just rerun the file, respectively.

See the babel package documentation for explanation.
Type  H <return>  for immediate help.
 ...                                              
                                                  
l.140 \selectlanguage{english}
                              %
? 

! Package babel Error: Unknown language `english'. Either you have
(babel)                misspelled its name, it has not been installed,
(babel)                or you requested it in a previous run. Fix its name,
(babel)                install it or just rerun the file, respectively.

See the babel package documentation for explanation.
Type  H <return>  for immediate help.
 ...                                              
                                                  
l.174 \selectlanguage{english}
                              %
? 
[2] [3] [4]

LaTeX Warning: Command \v invalid in math mode on input line 246.

! Please use \mathaccent for accents in math mode.
\add@accent ...@spacefactor \spacefactor }\accent 
                                                  #1 #2\egroup \spacefactor ...
l.246 p(\mu|\v{x}
                 )\propto\left(\sum_{k=1}^{N}(x_{k}-\mu)^{2}\right)^{-\frac{...

? 
! You can't use `\spacefactor' in display math mode.
\add@accent ...}\accent #1 #2\egroup \spacefactor 
                                                  \accent@spacefactor 
l.246 p(\mu|\v{x}
                 )\propto\left(\sum_{k=1}^{N}(x_{k}-\mu)^{2}\right)^{-\frac{...

? 
Missing character: There is no è in font cmex10!

LaTeX Warning: Command \v invalid in math mode on input line 269.

! Please use \mathaccent for accents in math mode.
\add@accent ...@spacefactor \spacefactor }\accent 
                                                  #1 #2\egroup \spacefactor ...
l.269 p(\mu|\v{x}
                 )\propto e^{-F(\mu)}\approx e^{-F(\mu_{0})-\frac{1}{2}F''(\...

? 
! You can't use `\spacefactor' in display math mode.
\add@accent ...}\accent #1 #2\egroup \spacefactor 
                                                  \accent@spacefactor 
l.269 p(\mu|\v{x}
                 )\propto e^{-F(\mu)}\approx e^{-F(\mu_{0})-\frac{1}{2}F''(\...

? 
Missing character: There is no è in font cmex10!
[5

]

LaTeX Warning: Command \v invalid in math mode on input line 292.

! Please use \mathaccent for accents in math mode.
\add@accent ...@spacefactor \spacefactor }\accent 
                                                  #1 #2\egroup \spacefactor ...
l.292 norm of a vector $\v{x}
                             $. Then $\mathbf{Q}$ is called an isometry.
? 
! You can't use `\spacefactor' in math mode.
\add@accent ...}\accent #1 #2\egroup \spacefactor 
                                                  \accent@spacefactor 
l.292 norm of a vector $\v{x}
                             $. Then $\mathbf{Q}$ is called an isometry.
? 
Missing character: There is no è in font cmex10!

LaTeX Warning: Command \v invalid in math mode on input line 297.

! Please use \mathaccent for accents in math mode.
\add@accent ...@spacefactor \spacefactor }\accent 
                                                  #1 #2\egroup \spacefactor ...
l.297 have $\v{Q}
                 ^{-1}=\v{Q}^{T}$. We can then write
? 
! You can't use `\spacefactor' in math mode.
\add@accent ...}\accent #1 #2\egroup \spacefactor 
                                                  \accent@spacefactor 
l.297 have $\v{Q}
                 ^{-1}=\v{Q}^{T}$. We can then write
? 

LaTeX Warning: Command \v invalid in math mode on input line 297.

! Please use \mathaccent for accents in math mode.
\add@accent ...@spacefactor \spacefactor }\accent 
                                                  #1 #2\egroup \spacefactor ...
l.297 have $\v{Q}^{-1}=\v{Q}
                            ^{T}$. We can then write
? 
! You can't use `\spacefactor' in math mode.
\add@accent ...}\accent #1 #2\egroup \spacefactor 
                                                  \accent@spacefactor 
l.297 have $\v{Q}^{-1}=\v{Q}
                            ^{T}$. We can then write
? 
Missing character: There is no ç in font cmex10!
Missing character: There is no ç in font cmex10!
! Undefined control sequence.
l.299 \ltwo
           {\v{x}}=\v{x}^{T}\v{x}=\v{x}^{T}\mathbf{1}\v{x}=\v{x}^{T}\v{Q}^{-...

? 

LaTeX Warning: Command \v invalid in math mode on input line 299.

! Please use \mathaccent for accents in math mode.
\add@accent ...@spacefactor \spacefactor }\accent 
                                                  #1 #2\egroup \spacefactor ...
l.299 \ltwo{\v{x}
                 }=\v{x}^{T}\v{x}=\v{x}^{T}\mathbf{1}\v{x}=\v{x}^{T}\v{Q}^{-...

? 
! You can't use `\spacefactor' in math mode.
\add@accent ...}\accent #1 #2\egroup \spacefactor 
                                                  \accent@spacefactor 
l.299 \ltwo{\v{x}
                 }=\v{x}^{T}\v{x}=\v{x}^{T}\mathbf{1}\v{x}=\v{x}^{T}\v{Q}^{-...

? 

LaTeX Warning: Command \v invalid in math mode on input line 299.

! Please use \mathaccent for accents in math mode.
\add@accent ...@spacefactor \spacefactor }\accent 
                                                  #1 #2\egroup \spacefactor ...
l.299 \ltwo{\v{x}}=\v{x}
                        ^{T}\v{x}=\v{x}^{T}\mathbf{1}\v{x}=\v{x}^{T}\v{Q}^{-...

? 
! You can't use `\spacefactor' in display math mode.
\add@accent ...}\accent #1 #2\egroup \spacefactor 
                                                  \accent@spacefactor 
l.299 \ltwo{\v{x}}=\v{x}
                        ^{T}\v{x}=\v{x}^{T}\mathbf{1}\v{x}=\v{x}^{T}\v{Q}^{-...

? 

LaTeX Warning: Command \v invalid in math mode on input line 299.

! Please use \mathaccent for accents in math mode.
\add@accent ...@spacefactor \spacefactor }\accent 
                                                  #1 #2\egroup \spacefactor ...
l.299 \ltwo{\v{x}}=\v{x}^{T}\v{x}
                                 =\v{x}^{T}\mathbf{1}\v{x}=\v{x}^{T}\v{Q}^{-...

? 
! You can't use `\spacefactor' in display math mode.
\add@accent ...}\accent #1 #2\egroup \spacefactor 
                                                  \accent@spacefactor 
l.299 \ltwo{\v{x}}=\v{x}^{T}\v{x}
                                 =\v{x}^{T}\mathbf{1}\v{x}=\v{x}^{T}\v{Q}^{-...

? 

LaTeX Warning: Command \v invalid in math mode on input line 299.

! Please use \mathaccent for accents in math mode.
\add@accent ...@spacefactor \spacefactor }\accent 
                                                  #1 #2\egroup \spacefactor ...
l.299 \ltwo{\v{x}}=\v{x}^{T}\v{x}=\v{x}
                                       ^{T}\mathbf{1}\v{x}=\v{x}^{T}\v{Q}^{-...

? 
! You can't use `\spacefactor' in display math mode.
\add@accent ...}\accent #1 #2\egroup \spacefactor 
                                                  \accent@spacefactor 
l.299 \ltwo{\v{x}}=\v{x}^{T}\v{x}=\v{x}
                                       ^{T}\mathbf{1}\v{x}=\v{x}^{T}\v{Q}^{-...

? 

LaTeX Warning: Command \v invalid in math mode on input line 299.

! Please use \mathaccent for accents in math mode.
\add@accent ...@spacefactor \spacefactor }\accent 
                                                  #1 #2\egroup \spacefactor ...
l.299 ...}=\v{x}^{T}\v{x}=\v{x}^{T}\mathbf{1}\v{x}
                                                  =\v{x}^{T}\v{Q}^{-1}\v{Q}\...

? 
! You can't use `\spacefactor' in display math mode.
\add@accent ...}\accent #1 #2\egroup \spacefactor 
                                                  \accent@spacefactor 
l.299 ...}=\v{x}^{T}\v{x}=\v{x}^{T}\mathbf{1}\v{x}
                                                  =\v{x}^{T}\v{Q}^{-1}\v{Q}\...

? 

LaTeX Warning: Command \v invalid in math mode on input line 299.

! Please use \mathaccent for accents in math mode.
\add@accent ...@spacefactor \spacefactor }\accent 
                                                  #1 #2\egroup \spacefactor ...
l.299 ...}^{T}\v{x}=\v{x}^{T}\mathbf{1}\v{x}=\v{x}
                                                  ^{T}\v{Q}^{-1}\v{Q}\v{x}=\...

? 
! You can't use `\spacefactor' in display math mode.
\add@accent ...}\accent #1 #2\egroup \spacefactor 
                                                  \accent@spacefactor 
l.299 ...}^{T}\v{x}=\v{x}^{T}\mathbf{1}\v{x}=\v{x}
                                                  ^{T}\v{Q}^{-1}\v{Q}\v{x}=\...

? 

LaTeX Warning: Command \v invalid in math mode on input line 299.

! Please use \mathaccent for accents in math mode.
\add@accent ...@spacefactor \spacefactor }\accent 
                                                  #1 #2\egroup \spacefactor ...
l.299 ...}=\v{x}^{T}\mathbf{1}\v{x}=\v{x}^{T}\v{Q}
                                                  ^{-1}\v{Q}\v{x}=\v{x}^{T}\...

? 
! You can't use `\spacefactor' in display math mode.
\add@accent ...}\accent #1 #2\egroup \spacefactor 
                                                  \accent@spacefactor 
l.299 ...}=\v{x}^{T}\mathbf{1}\v{x}=\v{x}^{T}\v{Q}
                                                  ^{-1}\v{Q}\v{x}=\v{x}^{T}\...

? 

LaTeX Warning: Command \v invalid in math mode on input line 299.

! Please use \mathaccent for accents in math mode.
\add@accent ...@spacefactor \spacefactor }\accent 
                                                  #1 #2\egroup \spacefactor ...
l.299 ...}\mathbf{1}\v{x}=\v{x}^{T}\v{Q}^{-1}\v{Q}
                                                  \v{x}=\v{x}^{T}\v{Q}^{T}\v...

? 
! You can't use `\spacefactor' in display math mode.
\add@accent ...}\accent #1 #2\egroup \spacefactor 
                                                  \accent@spacefactor 
l.299 ...}\mathbf{1}\v{x}=\v{x}^{T}\v{Q}^{-1}\v{Q}
                                                  \v{x}=\v{x}^{T}\v{Q}^{T}\v...

? 

LaTeX Warning: Command \v invalid in math mode on input line 299.

! Please use \mathaccent for accents in math mode.
\add@accent ...@spacefactor \spacefactor }\accent 
                                                  #1 #2\egroup \spacefactor ...
l.299 ...hbf{1}\v{x}=\v{x}^{T}\v{Q}^{-1}\v{Q}\v{x}
                                                  =\v{x}^{T}\v{Q}^{T}\v{Q}\v...

? 
! You can't use `\spacefactor' in display math mode.
\add@accent ...}\accent #1 #2\egroup \spacefactor 
                                                  \accent@spacefactor 
l.299 ...hbf{1}\v{x}=\v{x}^{T}\v{Q}^{-1}\v{Q}\v{x}
                                                  =\v{x}^{T}\v{Q}^{T}\v{Q}\v...

? 

LaTeX Warning: Command \v invalid in math mode on input line 299.

! Please use \mathaccent for accents in math mode.
\add@accent ...@spacefactor \spacefactor }\accent 
                                                  #1 #2\egroup \spacefactor ...
l.299 ...\v{x}=\v{x}^{T}\v{Q}^{-1}\v{Q}\v{x}=\v{x}
                                                  ^{T}\v{Q}^{T}\v{Q}\v{x}=(\...

? 
! You can't use `\spacefactor' in display math mode.
\add@accent ...}\accent #1 #2\egroup \spacefactor 
                                                  \accent@spacefactor 
l.299 ...\v{x}=\v{x}^{T}\v{Q}^{-1}\v{Q}\v{x}=\v{x}
                                                  ^{T}\v{Q}^{T}\v{Q}\v{x}=(\...

? 

LaTeX Warning: Command \v invalid in math mode on input line 299.

! Please use \mathaccent for accents in math mode.
\add@accent ...@spacefactor \spacefactor }\accent 
                                                  #1 #2\egroup \spacefactor ...
l.299 ...x}^{T}\v{Q}^{-1}\v{Q}\v{x}=\v{x}^{T}\v{Q}
                                                  ^{T}\v{Q}\v{x}=(\v{Q}\v{x}...

? 
! You can't use `\spacefactor' in display math mode.
\add@accent ...}\accent #1 #2\egroup \spacefactor 
                                                  \accent@spacefactor 
l.299 ...x}^{T}\v{Q}^{-1}\v{Q}\v{x}=\v{x}^{T}\v{Q}
                                                  ^{T}\v{Q}\v{x}=(\v{Q}\v{x}...

? 

LaTeX Warning: Command \v invalid in math mode on input line 299.

! Please use \mathaccent for accents in math mode.
\add@accent ...@spacefactor \spacefactor }\accent 
                                                  #1 #2\egroup \spacefactor ...
l.299 ...Q}^{-1}\v{Q}\v{x}=\v{x}^{T}\v{Q}^{T}\v{Q}
                                                  \v{x}=(\v{Q}\v{x})^{T}(\v{...

? 
! You can't use `\spacefactor' in display math mode.
\add@accent ...}\accent #1 #2\egroup \spacefactor 
                                                  \accent@spacefactor 
l.299 ...Q}^{-1}\v{Q}\v{x}=\v{x}^{T}\v{Q}^{T}\v{Q}
                                                  \v{x}=(\v{Q}\v{x})^{T}(\v{...

? 

LaTeX Warning: Command \v invalid in math mode on input line 299.

! Please use \mathaccent for accents in math mode.
\add@accent ...@spacefactor \spacefactor }\accent 
                                                  #1 #2\egroup \spacefactor ...
l.299 ...1}\v{Q}\v{x}=\v{x}^{T}\v{Q}^{T}\v{Q}\v{x}
                                                  =(\v{Q}\v{x})^{T}(\v{Q}\v{...

? 
! You can't use `\spacefactor' in display math mode.
\add@accent ...}\accent #1 #2\egroup \spacefactor 
                                                  \accent@spacefactor 
l.299 ...1}\v{Q}\v{x}=\v{x}^{T}\v{Q}^{T}\v{Q}\v{x}
                                                  =(\v{Q}\v{x})^{T}(\v{Q}\v{...

? 

LaTeX Warning: Command \v invalid in math mode on input line 299.

! Please use \mathaccent for accents in math mode.
\add@accent ...@spacefactor \spacefactor }\accent 
                                                  #1 #2\egroup \spacefactor ...
l.299 ...\v{x}=\v{x}^{T}\v{Q}^{T}\v{Q}\v{x}=(\v{Q}
                                                  \v{x})^{T}(\v{Q}\v{x})=\lt...

? 
! You can't use `\spacefactor' in display math mode.
\add@accent ...}\accent #1 #2\egroup \spacefactor 
                                                  \accent@spacefactor 
l.299 ...\v{x}=\v{x}^{T}\v{Q}^{T}\v{Q}\v{x}=(\v{Q}
                                                  \v{x})^{T}(\v{Q}\v{x})=\lt...

? 

LaTeX Warning: Command \v invalid in math mode on input line 299.

! Please use \mathaccent for accents in math mode.
\add@accent ...@spacefactor \spacefactor }\accent 
                                                  #1 #2\egroup \spacefactor ...
l.299 ...=\v{x}^{T}\v{Q}^{T}\v{Q}\v{x}=(\v{Q}\v{x}
                                                  )^{T}(\v{Q}\v{x})=\ltwo{\v...

? 
! You can't use `\spacefactor' in display math mode.
\add@accent ...}\accent #1 #2\egroup \spacefactor 
                                                  \accent@spacefactor 
l.299 ...=\v{x}^{T}\v{Q}^{T}\v{Q}\v{x}=(\v{Q}\v{x}
                                                  )^{T}(\v{Q}\v{x})=\ltwo{\v...

? 

LaTeX Warning: Command \v invalid in math mode on input line 299.

! Please use \mathaccent for accents in math mode.
\add@accent ...@spacefactor \spacefactor }\accent 
                                                  #1 #2\egroup \spacefactor ...
l.299 ...v{Q}^{T}\v{Q}\v{x}=(\v{Q}\v{x})^{T}(\v{Q}
                                                  \v{x})=\ltwo{\v{Q}\v{x}}.
? 
! You can't use `\spacefactor' in display math mode.
\add@accent ...}\accent #1 #2\egroup \spacefactor 
                                                  \accent@spacefactor 
l.299 ...v{Q}^{T}\v{Q}\v{x}=(\v{Q}\v{x})^{T}(\v{Q}
                                                  \v{x})=\ltwo{\v{Q}\v{x}}.
? 

LaTeX Warning: Command \v invalid in math mode on input line 299.

! 