This is pdfTeX, Version 3.14159265-2.6-1.40.16 (TeX Live 2015) (preloaded format=pdflatex 2015.5.24)  15 NOV 2015 21:42
entering extended mode
 restricted \write18 enabled.
 file:line:error style messages enabled.
 %&-line parsing enabled.
**main.tex
(./main.tex
LaTeX2e <2015/01/01>
Babel <3.9l> and hyphenation patterns for 79 languages loaded.
(/usr/local/texlive/2015/texmf-dist/tex/latex/base/article.cls
Document Class: article 2014/09/29 v1.4h Standard LaTeX document class
(/usr/local/texlive/2015/texmf-dist/tex/latex/base/size11.clo
File: size11.clo 2014/09/29 v1.4h Standard LaTeX file (size option)
)
\c@part=\count79
\c@section=\count80
\c@subsection=\count81
\c@subsubsection=\count82
\c@paragraph=\count83
\c@subparagraph=\count84
\c@figure=\count85
\c@table=\count86
\abovecaptionskip=\skip41
\belowcaptionskip=\skip42
\bibindent=\dimen102
)
(/usr/local/texlive/2015/texmf-dist/tex/latex/amsfonts/amssymb.sty
Package: amssymb 2013/01/14 v3.01 AMS font symbols

(/usr/local/texlive/2015/texmf-dist/tex/latex/amsfonts/amsfonts.sty
Package: amsfonts 2013/01/14 v3.01 Basic AMSFonts support
\@emptytoks=\toks14
\symAMSa=\mathgroup4
\symAMSb=\mathgroup5
LaTeX Font Info:    Overwriting math alphabet `\mathfrak' in version `bold'
(Font)                  U/euf/m/n --> U/euf/b/n on input line 106.
))
(/usr/local/texlive/2015/texmf-dist/tex/latex/amsmath/amsmath.sty
Package: amsmath 2013/01/14 v2.14 AMS math features
\@mathmargin=\skip43

For additional information on amsmath, use the `?' option.
(/usr/local/texlive/2015/texmf-dist/tex/latex/amsmath/amstext.sty
Package: amstext 2000/06/29 v2.01

(/usr/local/texlive/2015/texmf-dist/tex/latex/amsmath/amsgen.sty
File: amsgen.sty 1999/11/30 v2.0
\@emptytoks=\toks15
\ex@=\dimen103
))
(/usr/local/texlive/2015/texmf-dist/tex/latex/amsmath/amsbsy.sty
Package: amsbsy 1999/11/29 v1.2d
\pmbraise@=\dimen104
)
(/usr/local/texlive/2015/texmf-dist/tex/latex/amsmath/amsopn.sty
Package: amsopn 1999/12/14 v2.01 operator names
)
\inf@bad=\count87
LaTeX Info: Redefining \frac on input line 210.
\uproot@=\count88
\leftroot@=\count89
LaTeX Info: Redefining \overline on input line 306.
\classnum@=\count90
\DOTSCASE@=\count91
LaTeX Info: Redefining \ldots on input line 378.
LaTeX Info: Redefining \dots on input line 381.
LaTeX Info: Redefining \cdots on input line 466.
\Mathstrutbox@=\box26
\strutbox@=\box27
\big@size=\dimen105
LaTeX Font Info:    Redeclaring font encoding OML on input line 566.
LaTeX Font Info:    Redeclaring font encoding OMS on input line 567.
\macc@depth=\count92
\c@MaxMatrixCols=\count93
\dotsspace@=\muskip10
\c@parentequation=\count94
\dspbrk@lvl=\count95
\tag@help=\toks16
\row@=\count96
\column@=\count97
\maxfields@=\count98
\andhelp@=\toks17
\eqnshift@=\dimen106
\alignsep@=\dimen107
\tagshift@=\dimen108
\tagwidth@=\dimen109
\totwidth@=\dimen110
\lineht@=\dimen111
\@envbody=\toks18
\multlinegap=\skip44
\multlinetaggap=\skip45
\mathdisplay@stack=\toks19
LaTeX Info: Redefining \[ on input line 2665.
LaTeX Info: Redefining \] on input line 2666.
)
(/usr/local/texlive/2015/texmf-dist/tex/latex/amscls/amsthm.sty
Package: amsthm 2015/03/04 v2.20.2
\thm@style=\toks20
\thm@bodyfont=\toks21
\thm@headfont=\toks22
\thm@notefont=\toks23
\thm@headpunct=\toks24
\thm@preskip=\skip46
\thm@postskip=\skip47
\thm@headsep=\skip48
\dth@everypar=\toks25
)
(/usr/local/texlive/2015/texmf-dist/tex/latex/geometry/geometry.sty
Package: geometry 2010/09/12 v5.6 Page Geometry

(/usr/local/texlive/2015/texmf-dist/tex/latex/graphics/keyval.sty
Package: keyval 2014/10/28 v1.15 key=value parser (DPC)
\KV@toks@=\toks26
)
(/usr/local/texlive/2015/texmf-dist/tex/generic/oberdiek/ifpdf.sty
Package: ifpdf 2011/01/30 v2.3 Provides the ifpdf switch (HO)
Package ifpdf Info: pdfTeX in PDF mode is detected.
)
(/usr/local/texlive/2015/texmf-dist/tex/generic/oberdiek/ifvtex.sty
Package: ifvtex 2010/03/01 v1.5 Detect VTeX and its facilities (HO)
Package ifvtex Info: VTeX not detected.
)
(/usr/local/texlive/2015/texmf-dist/tex/generic/ifxetex/ifxetex.sty
Package: ifxetex 2010/09/12 v0.6 Provides ifxetex conditional
)
\Gm@cnth=\count99
\Gm@cntv=\count100
\c@Gm@tempcnt=\count101
\Gm@bindingoffset=\dimen112
\Gm@wd@mp=\dimen113
\Gm@odd@mp=\dimen114
\Gm@even@mp=\dimen115
\Gm@layoutwidth=\dimen116
\Gm@layoutheight=\dimen117
\Gm@layouthoffset=\dimen118
\Gm@layoutvoffset=\dimen119
\Gm@dimlist=\toks27
)
(/usr/local/texlive/2015/texmf-dist/tex/latex/graphics/graphicx.sty
Package: graphicx 2014/10/28 v1.0g Enhanced LaTeX Graphics (DPC,SPQR)

(/usr/local/texlive/2015/texmf-dist/tex/latex/graphics/graphics.sty
Package: graphics 2014/10/28 v1.0p Standard LaTeX Graphics (DPC,SPQR)

(/usr/local/texlive/2015/texmf-dist/tex/latex/graphics/trig.sty
Package: trig 1999/03/16 v1.09 sin cos tan (DPC)
)
(/usr/local/texlive/2015/texmf-dist/tex/latex/latexconfig/graphics.cfg
File: graphics.cfg 2010/04/23 v1.9 graphics configuration of TeX Live
)
Package graphics Info: Driver file: pdftex.def on input line 94.

(/usr/local/texlive/2015/texmf-dist/tex/latex/pdftex-def/pdftex.def
File: pdftex.def 2011/05/27 v0.06d Graphics/color for pdfTeX

(/usr/local/texlive/2015/texmf-dist/tex/generic/oberdiek/infwarerr.sty
Package: infwarerr 2010/04/08 v1.3 Providing info/warning/error messages (HO)
)
(/usr/local/texlive/2015/texmf-dist/tex/generic/oberdiek/ltxcmds.sty
Package: ltxcmds 2011/11/09 v1.22 LaTeX kernel commands for general use (HO)
)
\Gread@gobject=\count102
))
\Gin@req@height=\dimen120
\Gin@req@width=\dimen121
)
(/usr/local/texlive/2015/texmf-dist/tex/latex/caption/caption.sty
Package: caption 2013/05/02 v3.3-89 Customizing captions (AR)

(/usr/local/texlive/2015/texmf-dist/tex/latex/caption/caption3.sty
Package: caption3 2013/05/02 v1.6-88 caption3 kernel (AR)
Package caption3 Info: TeX engine: e-TeX on input line 57.
\captionmargin=\dimen122
\captionmargin@=\dimen123
\captionwidth=\dimen124
\caption@tempdima=\dimen125
\caption@indent=\dimen126
\caption@parindent=\dimen127
\caption@hangindent=\dimen128
)
\c@ContinuedFloat=\count103
)
(/usr/local/texlive/2015/texmf-dist/tex/latex/caption/subcaption.sty
Package: subcaption 2013/02/03 v1.1-62 Sub-captions (AR)
\c@subfigure=\count104
\c@subtable=\count105
)
(/usr/local/texlive/2015/texmf-dist/tex/latex/tools/bm.sty
Package: bm 2014/10/28 v1.1c Bold Symbol Support (DPC/FMi)
\symboldoperators=\mathgroup6
\symboldletters=\mathgroup7
\symboldsymbols=\mathgroup8
LaTeX Font Info:    Redeclaring math alphabet \mathbf on input line 141.
LaTeX Info: Redefining \bm on input line 207.
)
(/usr/local/texlive/2015/texmf-dist/tex/latex/listings/listings.sty
\lst@mode=\count106
\lst@gtempboxa=\box28
\lst@token=\toks28
\lst@length=\count107
\lst@currlwidth=\dimen129
\lst@column=\count108
\lst@pos=\count109
\lst@lostspace=\dimen130
\lst@width=\dimen131
\lst@newlines=\count110
\lst@lineno=\count111
\lst@maxwidth=\dimen132

(/usr/local/texlive/2015/texmf-dist/tex/latex/listings/lstmisc.sty
File: lstmisc.sty 2014/09/06 1.5e (Carsten Heinz)
\c@lstnumber=\count112
\lst@skipnumbers=\count113
\lst@framebox=\box29
)
(/usr/local/texlive/2015/texmf-dist/tex/latex/listings/listings.cfg
File: listings.cfg 2014/09/06 1.5e listings configuration
))
Package: listings 2014/09/06 1.5e (Carsten Heinz)

(/usr/local/texlive/2015/texmf-dist/tex/latex/graphics/color.sty
Package: color 2014/10/28 v1.1a Standard LaTeX Color (DPC)

(/usr/local/texlive/2015/texmf-dist/tex/latex/latexconfig/color.cfg
File: color.cfg 2007/01/18 v1.5 color configuration of teTeX/TeXLive
)
Package color Info: Driver file: pdftex.def on input line 142.
)
(/usr/local/texlive/2015/texmf-dist/tex/latex/fancyhdr/fancyhdr.sty
\fancy@headwidth=\skip49
\f@ncyO@elh=\skip50
\f@ncyO@erh=\skip51
\f@ncyO@olh=\skip52
\f@ncyO@orh=\skip53
\f@ncyO@elf=\skip54
\f@ncyO@erf=\skip55
\f@ncyO@olf=\skip56
\f@ncyO@orf=\skip57
)
(./math_cmds.tex)
No file main.aux.
\openout1 = `main.aux'.

LaTeX Font Info:    Checking defaults for OML/cmm/m/it on input line 45.
LaTeX Font Info:    ... okay on input line 45.
LaTeX Font Info:    Checking defaults for T1/cmr/m/n on input line 45.
LaTeX Font Info:    ... okay on input line 45.
LaTeX Font Info:    Checking defaults for OT1/cmr/m/n on input line 45.
LaTeX Font Info:    ... okay on input line 45.
LaTeX Font Info:    Checking defaults for OMS/cmsy/m/n on input line 45.
LaTeX Font Info:    ... okay on input line 45.
LaTeX Font Info:    Checking defaults for OMX/cmex/m/n on input line 45.
LaTeX Font Info:    ... okay on input line 45.
LaTeX Font Info:    Checking defaults for U/cmr/m/n on input line 45.
LaTeX Font Info:    ... okay on input line 45.
*geometry* driver: auto-detecting
*geometry* detected driver: pdftex
*geometry* verbose mode - [ preamble ] result:
* driver: pdftex
* paper: <default>
* layout: <same size as paper>
* layoutoffset:(h,v)=(0.0pt,0.0pt)
* modes: 
* h-part:(L,W,R)=(54.2025pt, 505.89pt, 54.2025pt)
* v-part:(T,H,B)=(54.2025pt, 686.56499pt, 54.2025pt)
* \paperwidth=614.295pt
* \paperheight=794.96999pt
* \textwidth=505.89pt
* \textheight=686.56499pt
* \oddsidemargin=-18.06749pt
* \evensidemargin=-18.06749pt
* \topmargin=-55.06749pt
* \headheight=12.0pt
* \headsep=25.0pt
* \topskip=11.0pt
* \footskip=30.0pt
* \marginparwidth=59.0pt
* \marginparsep=10.0pt
* \columnsep=10.0pt
* \skip\footins=10.0pt plus 4.0pt minus 2.0pt
* \hoffset=0.0pt
* \voffset=0.0pt
* \mag=1000
* \@twocolumnfalse
* \@twosidefalse
* \@mparswitchfalse
* \@reversemarginfalse
* (1in=72.27pt=25.4mm, 1cm=28.453pt)

(/usr/local/texlive/2015/texmf-dist/tex/context/base/supp-pdf.mkii
[Loading MPS to PDF converter (version 2006.09.02).]
\scratchcounter=\count114
\scratchdimen=\dimen133
\scratchbox=\box30
\nofMPsegments=\count115
\nofMParguments=\count116
\everyMPshowfont=\toks29
\MPscratchCnt=\count117
\MPscratchDim=\dimen134
\MPnumerator=\count118
\makeMPintoPDFobject=\count119
\everyMPtoPDFconversion=\toks30
) (/usr/local/texlive/2015/texmf-dist/tex/generic/oberdiek/pdftexcmds.sty
Package: pdftexcmds 2011/11/29 v0.20 Utility functions of pdfTeX for LuaTeX (HO
)

(/usr/local/texlive/2015/texmf-dist/tex/generic/oberdiek/ifluatex.sty
Package: ifluatex 2010/03/01 v1.3 Provides the ifluatex switch (HO)
Package ifluatex Info: LuaTeX not detected.
)
Package pdftexcmds Info: LuaTeX not detected.
Package pdftexcmds Info: \pdf@primitive is available.
Package pdftexcmds Info: \pdf@ifprimitive is available.
Package pdftexcmds Info: \pdfdraftmode found.
)
(/usr/local/texlive/2015/texmf-dist/tex/latex/oberdiek/epstopdf-base.sty
Package: epstopdf-base 2010/02/09 v2.5 Base part for package epstopdf

(/usr/local/texlive/2015/texmf-dist/tex/latex/oberdiek/grfext.sty
Package: grfext 2010/08/19 v1.1 Manage graphics extensions (HO)

(/usr/local/texlive/2015/texmf-dist/tex/generic/oberdiek/kvdefinekeys.sty
Package: kvdefinekeys 2011/04/07 v1.3 Define keys (HO)
))
(/usr/local/texlive/2015/texmf-dist/tex/latex/oberdiek/kvoptions.sty
Package: kvoptions 2011/06/30 v3.11 Key value format for package options (HO)

(/usr/local/texlive/2015/texmf-dist/tex/generic/oberdiek/kvsetkeys.sty
Package: kvsetkeys 2012/04/25 v1.16 Key value parser (HO)

(/usr/local/texlive/2015/texmf-dist/tex/generic/oberdiek/etexcmds.sty
Package: etexcmds 2011/02/16 v1.5 Avoid name clashes with e-TeX commands (HO)
Package etexcmds Info: Could not find \expanded.
(etexcmds)             That can mean that you are not using pdfTeX 1.50 or
(etexcmds)             that some package has redefined \expanded.
(etexcmds)             In the latter case, load this package earlier.
)))
Package grfext Info: Graphics extension search list:
(grfext)             [.png,.pdf,.jpg,.mps,.jpeg,.jbig2,.jb2,.PNG,.PDF,.JPG,.JPE
G,.JBIG2,.JB2,.eps]
(grfext)             \AppendGraphicsExtensions on input line 452.

(/usr/local/texlive/2015/texmf-dist/tex/latex/latexconfig/epstopdf-sys.cfg
File: epstopdf-sys.cfg 2010/07/13 v1.3 Configuration of (r)epstopdf for TeX Liv
e
))
Package caption Info: Begin \AtBeginDocument code.
Package caption Info: listings package is loaded.
Package caption Info: End \AtBeginDocument code.
\c@lstlisting=\count120

(/usr/local/texlive/2015/texmf-dist/tex/latex/listings/lstlang1.sty
File: lstlang1.sty 2014/09/06 1.5e listings language file
)
LaTeX Font Info:    Try loading font information for U+msa on input line 68.

(/usr/local/texlive/2015/texmf-dist/tex/latex/amsfonts/umsa.fd
File: umsa.fd 2013/01/14 v3.01 AMS symbols A
)
LaTeX Font Info:    Try loading font information for U+msb on input line 68.

(/usr/local/texlive/2015/texmf-dist/tex/latex/amsfonts/umsb.fd
File: umsb.fd 2013/01/14 v3.01 AMS symbols B
) (./hw7p1.m

Package Fancyhdr Warning: \headheight is too small (12.0pt): 
 Make it at least 13.59999pt.
 We now make it that large for the rest of the document.
 This may cause the page layout to be inconsistent, however.

[1{/usr/local/texlive/2015/texmf-var/fonts/map/pdftex/updmap/pdftex.map}

]
LaTeX Font Info:    Try loading font information for OMS+cmr on input line 19.

(/usr/local/texlive/2015/texmf-dist/tex/latex/base/omscmr.fd
File: omscmr.fd 2014/09/29 v2.5h Standard LaTeX font definitions
)
LaTeX Font Info:    Font shape `OMS/cmr/m/n' in size <10.95> not available
(Font)              Font shape `OMS/cmsy/m/n' tried instead on input line 19.
LaTeX Font Info:    Try loading font information for OML+cmr on input line 25.

(/usr/local/texlive/2015/texmf-dist/tex/latex/base/omlcmr.fd
File: omlcmr.fd 2014/09/29 v2.5h Standard LaTeX font definitions
)
LaTeX Font Info:    Font shape `OML/cmr/m/n' in size <10.95> not available
(Font)              Font shape `OML/cmm/m/it' tried instead on input line 25.
) [2] (./hw7p2.m
[3] [4] [5]) [6]
Package epstopdf Info: Source file: <p2fig1.eps>
(epstopdf)                    date: 2014-12-05 07:04:38
(epstopdf)                    size: 10676 bytes
(epstopdf)             Output file: <p2fig1-eps-converted-to.pdf>
(epstopdf)             Command: <repstopdf --outfile=p2fig1-eps-converted-to.pd
f p2fig1.eps>
(epstopdf)             \includegraphics on input line 234.
runsystem(repstopdf --outfile=p2fig1-eps-converted-to.pdf p2fig1.eps)...execute
d safely (allowed).

Package epstopdf Info: Result file: <p2fig1-eps-converted-to.pdf>
(epstopdf)                    date: 2015-11-15 21:42:12
(epstopdf)                    size: 7248 bytes.
 <p2fig1-eps-converted-to.pdf, id=33, 449.68pt x 338.26375pt>
File: p2fig1-eps-converted-to.pdf Graphic file (type pdf)

<use p2fig1-eps-converted-to.pdf>
Package pdftex.def Info: p2fig1-eps-converted-to.pdf used on input line 234.
(pdftex.def)             Requested size: 341.43306pt x 256.84567pt.
Package epstopdf Info: Source file: <p2fig2.eps>
(epstopdf)                    date: 2014-12-05 07:04:38
(epstopdf)                    size: 10605 bytes
(epstopdf)             Output file: <p2fig2-eps-converted-to.pdf>
(epstopdf)             Command: <repstopdf --outfile=p2fig2-eps-converted-to.pd
f p2fig2.eps>
(epstopdf)             \includegraphics on input line 239.
runsystem(repstopdf --outfile=p2fig2-eps-converted-to.pdf p2fig2.eps)...execute
d safely (allowed).

Package epstopdf Info: Result file: <p2fig2-eps-converted-to.pdf>
(epstopdf)                    date: 2015-11-15 21:42:13
(epstopdf)                    size: 7458 bytes.

<p2fig2-eps-converted-to.pdf, id=34, 449.68pt x 338.26375pt>
File: p2fig2-eps-converted-to.pdf Graphic file (type pdf)

<use p2fig2-eps-converted-to.pdf>
Package pdftex.def Info: p2fig2-eps-converted-to.pdf used on input line 239.
(pdftex.def)             Requested size: 341.43306pt x 256.84567pt.
Package epstopdf Info: Source file: <p2fig3.eps>
(epstopdf)                    date: 2014-12-05 07:04:38
(epstopdf)                    size: 10406 bytes
(epstopdf)             Output file: <p2fig3-eps-converted-to.pdf>
(epstopdf)             Command: <repstopdf --outfile=p2fig3-eps-converted-to.pd
f p2fig3.eps>
(epstopdf)             \includegraphics on input line 244.
runsystem(repstopdf --outfile=p2fig3-eps-converted-to.pdf p2fig3.eps)...execute
d safely (allowed).

Package epstopdf Info: Result file: <p2fig3-eps-converted-to.pdf>
(epstopdf)                    date: 2015-11-15 21:42:13
(epstopdf)                    size: 7745 bytes.

<p2fig3-eps-converted-to.pdf, id=35, 449.68pt x 338.26375pt>
File: p2fig3-eps-converted-to.pdf Graphic file (type pdf)

<use p2fig3-eps-converted-to.pdf>
Package pdftex.def Info: p2fig3-eps-converted-to.pdf used on input line 244.
(pdftex.def)             Requested size: 341.43306pt x 256.84567pt.
Package epstopdf Info: Source file: <p2fig4.eps>
(epstopdf)                    date: 2014-12-05 07:04:38
(epstopdf)                    size: 10576 bytes
(epstopdf)             Output file: <p2fig4-eps-converted-to.pdf>
(epstopdf)             Command: <repstopdf --outfile=p2fig4-eps-converted-to.pd
f p2fig4.eps>
(epstopdf)             \includegraphics on input line 249.
runsystem(repstopdf --outfile=p2fig4-eps-converted-to.pdf p2fig4.eps)...execute
d safely (allowed).

Package epstopdf Info: Result file: <p2fig4-eps-converted-to.pdf>
(epstopdf)                    date: 2015-11-15 21:42:13
(epstopdf)                    size: 7870 bytes.

<p2fig4-eps-converted-to.pdf, id=36, 449.68pt x 338.26375pt>
File: p2fig4-eps-converted-to.pdf Graphic file (type pdf)

<use p2fig4-eps-converted-to.pdf>
Package pdftex.def Info: p2fig4-eps-converted-to.pdf used on input line 249.
(pdftex.def)             Requested size: 341.43306pt x 256.84567pt.
 [7] [8 <./p2fig1-eps-converted-to.pdf> <./p2fig2-eps-converted-to.pdf>] [9 <./
p2fig3-eps-converted-to.pdf> <./p2fig4-eps-converted-to.pdf>]
Package epstopdf Info: Source file: <p3b1.eps>
(epstopdf)                    date: 2014-12-05 07:04:38
(epstopdf)                    size: 13376 bytes
(epstopdf)             Output file: <p3b1-eps-converted-to.pdf>
(epstopdf)             Command: <repstopdf --outfile=p3b1-eps-converted-to.pdf 
p3b1.eps>
(epstopdf)             \includegraphics on input line 322.
runsystem(repstopdf --outfile=p3b1-eps-converted-to.pdf p3b1.eps)...executed sa
fely (allowed).

Package epstopdf Info: Result file: <p3b1-eps-converted-to.pdf>
(epstopdf)                    date: 2015-11-15 21:42:14
(epstopdf)                    size: 10031 bytes.
 <p3b1-eps-converted-to.pdf, id=71, 495.8525pt x 409.53pt>
File: p3b1-eps-converted-to.pdf Graphic file (type pdf)

<use p3b1-eps-converted-to.pdf>
Package pdftex.def Info: p3b1-eps-converted-to.pdf used on input line 322.
(pdftex.def)             Requested size: 341.43306pt x 281.99484pt.
Package epstopdf Info: Source file: <p3b2.eps>
(epstopdf)                    date: 2014-12-05 07:04:38
(epstopdf)                    size: 13275 bytes
(epstopdf)             Output file: <p3b2-eps-converted-to.pdf>
(epstopdf)             Command: <repstopdf --outfile=p3b2-eps-converted-to.pdf 
p3b2.eps>
(epstopdf)             \includegraphics on input line 327.
runsystem(repstopdf --outfile=p3b2-eps-converted-to.pdf p3b2.eps)...executed sa
fely (allowed).

Package epstopdf Info: Result file: <p3b2-eps-converted-to.pdf>
(epstopdf)                    date: 2015-11-15 21:42:14
(epstopdf)                    size: 10465 bytes.

<p3b2-eps-converted-to.pdf, id=72, 495.8525pt x 409.53pt>
File: p3b2-eps-converted-to.pdf Graphic file (type pdf)

<use p3b2-eps-converted-to.pdf>
Package pdftex.def Info: p3b2-eps-converted-to.pdf used on input line 327.
(pdftex.def)             Requested size: 341.43306pt x 281.99484pt.
Package epstopdf Info: Source file: <p3b3.eps>
(epstopdf)                    date: 2014-12-05 07:04:38
(epstopdf)                    size: 13395 bytes
(epstopdf)             Output file: <p3b3-eps-converted-to.pdf>
(epstopdf)             Command: <repstopdf --outfile=p3b3-eps-converted-to.pdf 
p3b3.eps>
(epstopdf)             \includegraphics on input line 332.
runsystem(repstopdf --outfile=p3b3-eps-converted-to.pdf p3b3.eps)...executed sa
fely (allowed).

Package epstopdf Info: Result file: <p3b3-eps-converted-to.pdf>
(epstopdf)                    date: 2015-11-15 21:42:15
(epstopdf)                    size: 10385 bytes.

<p3b3-eps-converted-to.pdf, id=73, 498.86375pt x 409.53pt>
File: p3b3-eps-converted-to.pdf Graphic file (type pdf)

<use p3b3-eps-converted-to.pdf>
Package pdftex.def Info: p3b3-eps-converted-to.pdf used on input line 332.
(pdftex.def)             Requested size: 341.43306pt x 280.30139pt.
Package epstopdf Info: Source file: <p3b4.eps>
(epstopdf)                    date: 2014-12-05 07:04:38
(epstopdf)                    size: 12952 bytes
(epstopdf)             Output file: <p3b4-eps-converted-to.pdf>
(epstopdf)             Command: <repstopdf --outfile=p3b4-eps-converted-to.pdf 
p3b4.eps>
(epstopdf)             \includegraphics on input line 337.
runsystem(repstopdf --outfile=p3b4-eps-converted-to.pdf p3b4.eps)...executed sa
fely (allowed).

Package epstopdf Info: Result file: <p3b4-eps-converted-to.pdf>
(epstopdf)                    date: 2015-11-15 21:42:15
(epstopdf)                    size: 9957 bytes.

<p3b4-eps-converted-to.pdf, id=74, 498.86375pt x 409.53pt>
File: p3b4-eps-converted-to.pdf Graphic file (type pdf)

<use p3b4-eps-converted-to.pdf>
Package pdftex.def Info: p3b4-eps-converted-to.pdf used on input line 337.
(pdftex.def)             Requested size: 341.43306pt x 280.30139pt.
 [10] [11 <./p3b1-eps-converted-to.pdf> <./p3b2-eps-converted-to.pdf>] [12 <./p
3b3-eps-converted-to.pdf> <./p3b4-eps-converted-to.pdf>] (./p3.m [13] [14] [15]
) [16] (./main.aux) ) 
Here is how much of TeX's memory you used:
 6383 strings out of 493089
 90693 string characters out of 6134842
 334858 words of memory out of 5000000
 9761 multiletter control sequences out of 15000+600000
 11831 words of font info for 44 fonts, out of 8000000 for 9000
 1141 hyphenation exceptions out of 8191
 38i,14n,43p,1230b,2090s stack positions out of 5000i,500n,10000p,200000b,80000s
</usr/local/texlive/2015/texmf-dist/fonts/type1/public/ams
fonts/cm/cmbx10.pfb></usr/local/texlive/2015/texmf-dist/fonts/type1/public/amsf
onts/cm/cmbx12.pfb></usr/local/texlive/2015/texmf-dist/fonts/type1/public/amsfo
nts/cm/cmbx8.pfb></usr/local/texlive/2015/texmf-dist/fonts/type1/public/amsfont
s/cm/cmex10.pfb></usr/local/texlive/2015/texmf-dist/fonts/type1/public/amsfonts
/cm/cmmi10.pfb></usr/local/texlive/2015/texmf-dist/fonts/type1/public/amsfonts/
cm/cmmi8.pfb></usr/local/texlive/2015/texmf-dist/fonts/type1/public/amsfonts/cm
/cmr10.pfb></usr/local/texlive/2015/texmf-dist/fonts/type1/public/amsfonts/cm/c
mr6.pfb></usr/local/texlive/2015/texmf-dist/fonts/type1/public/amsfonts/cm/cmr8
.pfb></usr/local/texlive/2015/texmf-dist/fonts/type1/public/amsfonts/cm/cmsy10.
pfb></usr/local/texlive/2015/texmf-dist/fonts/type1/public/amsfonts/cm/cmsy8.pf
b></usr/local/texlive/2015/texmf-dist/fonts/type1/public/amsfonts/cm/cmtt10.pfb
>
Output written on main.pdf (16 pages, 210831 bytes).
PDF statistics:
 177 PDF objects out of 1000 (max. 8388607)
 125 compressed objects within 2 object streams
 0 named destinations out of 1000 (max. 500000)
 41 words of extra memory for PDF output out of 10000 (max. 10000000)

